<?xml version="1.0" encoding="UTF-8"?>
<!-- Generated by org.testng.reporters.JUnitReportReporter -->
<testsuite name="testCases.VerifyHomepage" tests="1" time="8.415" ignored="0" failures="0" timestamp="14 May 2017 07:06:48 GMT" skipped="0" hostname="Sonal" errors="0">
  <testcase name="Homepage" time="8.415" classname="testCases.VerifyHomepage"/>
</testsuite> <!-- testCases.VerifyHomepage -->
