<?xml version="1.0" encoding="UTF-8"?>
<!-- Generated by org.testng.reporters.JUnitReportReporter -->
<testsuite name="testCases.VerifyHomepage" tests="1" time="5.557" ignored="0" failures="0" timestamp="14 May 2017 04:03:44 GMT" skipped="0" hostname="Sonal" errors="0">
  <testcase name="Homepage" time="5.557" classname="testCases.VerifyHomepage"/>
</testsuite> <!-- testCases.VerifyHomepage -->
