<?xml version="1.0" encoding="UTF-8"?>
<!-- Generated by org.testng.reporters.JUnitReportReporter -->
<testsuite name="testCases.VerifyLoginPage" tests="1" time="15.379" ignored="0" failures="0" timestamp="14 May 2017 04:03:44 GMT" skipped="0" hostname="Sonal" errors="0">
  <testcase name="Loginpage" time="15.379" classname="testCases.VerifyLoginPage"/>
</testsuite> <!-- testCases.VerifyLoginPage -->
